# JRE version: Java(TM) SE Runtime Environment (8.0_131-b11) (build 1.8.0_131-b11)
# Java VM: Java HotSpot(TM) Client VM (25.131-b11 mixed mode windows-x86 )
Heap:
 def new generation   total 17344K, used 5989K [0x04000000, 0x052d0000, 0x09550000)
  eden space 15424K,  26% used [0x04000000, 0x043f9528, 0x04f10000)
  from space 1920K, 100% used [0x04f10000, 0x050f0000, 0x050f0000)
  to   space 1920K,   0% used [0x050f0000, 0x050f0000, 0x052d0000)
 tenured generation   total 38448K, used 28387K [0x09550000, 0x0badc000, 0x14000000)
   the space 38448K,  73% used [0x09550000, 0x0b108f90, 0x0b109000, 0x0badc000)
 Metaspace       used 19782K, capacity 20531K, committed 20608K, reserved 20864K
GC Heap History (10 events):
Event: 271.631 GC heap before
{Heap before GC invocations=46 (full 3):
 def new generation   total 17344K, used 17044K [0x04000000, 0x052d0000, 0x09550000)
  eden space 15424K, 100% used [0x04000000, 0x04f10000, 0x04f10000)
  from space 1920K,  84% used [0x050f0000, 0x05285308, 0x052d0000)
  to   space 1920K,   0% used [0x04f10000, 0x04f10000, 0x050f0000)
 tenured generation   total 38448K, used 23066K [0x09550000, 0x0badc000, 0x14000000)
   the space 38448K,  59% used [0x09550000, 0x0abd6af8, 0x0abd6c00, 0x0badc000)
 Metaspace       used 19683K, capacity 20402K, committed 20480K, reserved 20864K
Event: 271.638 GC heap after
Heap after GC invocations=47 (full 3):
 def new generation   total 17344K, used 1019K [0x04000000, 0x052d0000, 0x09550000)
  eden space 15424K,   0% used [0x04000000, 0x04000000, 0x04f10000)
  from space 1920K,  53% used [0x04f10000, 0x0500eda8, 0x050f0000)
  to   space 1920K,   0% used [0x050f0000, 0x050f0000, 0x052d0000)
 tenured generation   total 38448K, used 24015K [0x09550000, 0x0badc000, 0x14000000)
   the space 38448K,  62% used [0x09550000, 0x0acc3c00, 0x0acc3c00, 0x0badc000)
 Metaspace       used 19683K, capacity 20402K, committed 20480K, reserved 20864K
}
Event: 283.622 GC heap before
{Heap before GC invocations=47 (full 3):
 def new generation   total 17344K, used 16443K [0x04000000, 0x052d0000, 0x09550000)
  eden space 15424K, 100% used [0x04000000, 0x04f10000, 0x04f10000)
  from space 1920K,  53% used [0x04f10000, 0x0500eda8, 0x050f0000)
  to   space 1920K,   0% used [0x050f0000, 0x050f0000, 0x052d0000)
 tenured generation   total 38448K, used 24015K [0x09550000, 0x0badc000, 0x14000000)
   the space 38448K,  62% used [0x09550000, 0x0acc3c00, 0x0acc3c00, 0x0badc000)
 Metaspace       used 19751K, capacity 20469K, committed 20480K, reserved 20864K
Event: 283.629 GC heap after
Heap after GC invocations=48 (full 3):
 def new generation   total 17344K, used 1919K [0x04000000, 0x052d0000, 0x09550000)
  eden space 15424K,   0% used [0x04000000, 0x04000000, 0x04f10000)
  from space 1920K,  99% used [0x050f0000, 0x052cfff8, 0x052d0000)
  to   space 1920K,   0% used [0x04f10000, 0x04f10000, 0x050f0000)
 tenured generation   total 38448K, used 24685K [0x09550000, 0x0badc000, 0x14000000)
   the space 38448K,  64% used [0x09550000, 0x0ad6b490, 0x0ad6b600, 0x0badc000)
 Metaspace       used 19751K, capacity 20469K, committed 20480K, reserved 20864K
}
Event: 333.044 GC heap before
{Heap before GC invocations=48 (full 3):
 def new generation   total 17344K, used 17343K [0x04000000, 0x052d0000, 0x09550000)
  eden space 15424K, 100% used [0x04000000, 0x04f10000, 0x04f10000)
  from space 1920K,  99% used [0x050f0000, 0x052cfff8, 0x052d0000)
  to   space 1920K,   0% used [0x04f10000, 0x04f10000, 0x050f0000)
 tenured generation   total 38448K, used 24685K [0x09550000, 0x0badc000, 0x14000000)
   the space 38448K,  64% used [0x09550000, 0x0ad6b490, 0x0ad6b600, 0x0badc000)
 Metaspace       used 19761K, capacity 20491K, committed 20608K, reserved 20864K
Event: 333.052 GC heap after
Heap after GC invocations=49 (full 3):
 def new generation   total 17344K, used 1920K [0x04000000, 0x052d0000, 0x09550000)
  eden space 15424K,   0% used [0x04000000, 0x04000000, 0x04f10000)
  from space 1920K, 100% used [0x04f10000, 0x050f0000, 0x050f0000)
  to   space 1920K,   0% used [0x050f0000, 0x050f0000, 0x052d0000)
 tenured generation   total 38448K, used 26347K [0x09550000, 0x0badc000, 0x14000000)
   the space 38448K,  68% used [0x09550000, 0x0af0af98, 0x0af0b000, 0x0badc000)
 Metaspace       used 19761K, capacity 20491K, committed 20608K, reserved 20864K
}
Event: 336.643 GC heap before
{Heap before GC invocations=49 (full 3):
 def new generation   total 17344K, used 17344K [0x04000000, 0x052d0000, 0x09550000)
  eden space 15424K, 100% used [0x04000000, 0x04f10000, 0x04f10000)
  from space 1920K, 100% used [0x04f10000, 0x050f0000, 0x050f0000)
  to   space 1920K,   0% used [0x050f0000, 0x050f0000, 0x052d0000)
 tenured generation   total 38448K, used 26347K [0x09550000, 0x0badc000, 0x14000000)
   the space 38448K,  68% used [0x09550000, 0x0af0af98, 0x0af0b000, 0x0badc000)
 Metaspace       used 19773K, capacity 20499K, committed 20608K, reserved 20864K
Event: 336.648 GC heap after
Heap after GC invocations=50 (full 3):
 def new generation   total 17344K, used 1352K [0x04000000, 0x052d0000, 0x09550000)
  eden space 15424K,   0% used [0x04000000, 0x04000000, 0x04f10000)
  from space 1920K,  70% used [0x050f0000, 0x052420b8, 0x052d0000)
  to   space 1920K,   0% used [0x04f10000, 0x04f10000, 0x050f0000)
 tenured generation   total 38448K, used 26816K [0x09550000, 0x0badc000, 0x14000000)
   the space 38448K,  69% used [0x09550000, 0x0af802b8, 0x0af80400, 0x0badc000)
 Metaspace       used 19773K, capacity 20499K, committed 20608K, reserved 20864K
}
Event: 347.319 GC heap before
{Heap before GC invocations=50 (full 3):
 def new generation   total 17344K, used 16776K [0x04000000, 0x052d0000, 0x09550000)
  eden space 15424K, 100% used [0x04000000, 0x04f10000, 0x04f10000)
  from space 1920K,  70% used [0x050f0000, 0x052420b8, 0x052d0000)
  to   space 1920K,   0% used [0x04f10000, 0x04f10000, 0x050f0000)
 tenured generation   total 38448K, used 26816K [0x09550000, 0x0badc000, 0x14000000)
   the space 38448K,  69% used [0x09550000, 0x0af802b8, 0x0af80400, 0x0badc000)
 Metaspace       used 19773K, capacity 20499K, committed 20608K, reserved 20864K
Event: 347.325 GC heap after
Heap after GC invocations=51 (full 3):
 def new generation   total 17344K, used 1920K [0x04000000, 0x052d0000, 0x09550000)
  eden space 15424K,   0% used [0x04000000, 0x04000000, 0x04f10000)
  from space 1920K, 100% used [0x04f10000, 0x050f0000, 0x050f0000)
  to   space 1920K,   0% used [0x050f0000, 0x050f0000, 0x052d0000)
 tenured generation   total 38448K, used 28387K [0x09550000, 0x0badc000, 0x14000000)
   the space 38448K,  73% used [0x09550000, 0x0b108f90, 0x0b109000, 0x0badc000)
 Metaspace       used 19773K, capacity 20499K, committed 20608K, reserved 20864K
}

