# JRE version: Java(TM) SE Runtime Environment (8.0_131-b11) (build 1.8.0_131-b11)
# Java VM: Java HotSpot(TM) Client VM (25.131-b11 mixed mode windows-x86 )
Heap:
 def new generation   total 18880K, used 3163K [0x03e00000, 0x05270000, 0x09350000)
  eden space 16832K,  18% used [0x03e00000, 0x04116fc0, 0x04e70000)
  from space 2048K,   0% used [0x04e70000, 0x04e70000, 0x05070000)
  to   space 2048K,   0% used [0x05070000, 0x05070000, 0x05270000)
 tenured generation   total 41748K, used 25048K [0x09350000, 0x0bc15000, 0x13e00000)
   the space 41748K,  59% used [0x09350000, 0x0abc6300, 0x0abc6400, 0x0bc15000)
 Metaspace       used 19430K, capacity 20178K, committed 20352K, reserved 20864K
GC Heap History (10 events):
Event: 95.780 GC heap before
{Heap before GC invocations=39 (full 2):
 def new generation   total 12992K, used 12992K [0x03e00000, 0x04c10000, 0x09350000)
  eden space 11584K, 100% used [0x03e00000, 0x04950000, 0x04950000)
  from space 1408K, 100% used [0x04950000, 0x04ab0000, 0x04ab0000)
  to   space 1408K,   0% used [0x04ab0000, 0x04ab0000, 0x04c10000)
 tenured generation   total 28704K, used 23882K [0x09350000, 0x0af58000, 0x13e00000)
   the space 28704K,  83% used [0x09350000, 0x0aaa2ac0, 0x0aaa2c00, 0x0af58000)
 Metaspace       used 19300K, capacity 20020K, committed 20096K, reserved 20864K
Event: 95.788 GC heap after
Heap after GC invocations=40 (full 2):
 def new generation   total 12992K, used 574K [0x03e00000, 0x04c10000, 0x09350000)
  eden space 11584K,   0% used [0x03e00000, 0x03e00000, 0x04950000)
  from space 1408K,  40% used [0x04ab0000, 0x04b3fa40, 0x04c10000)
  to   space 1408K,   0% used [0x04950000, 0x04950000, 0x04ab0000)
 tenured generation   total 28704K, used 25185K [0x09350000, 0x0af58000, 0x13e00000)
   the space 28704K,  87% used [0x09350000, 0x0abe8640, 0x0abe8800, 0x0af58000)
 Metaspace       used 19300K, capacity 20020K, committed 20096K, reserved 20864K
}
Event: 128.538 GC heap before
{Heap before GC invocations=40 (full 2):
 def new generation   total 12992K, used 12158K [0x03e00000, 0x04c10000, 0x09350000)
  eden space 11584K, 100% used [0x03e00000, 0x04950000, 0x04950000)
  from space 1408K,  40% used [0x04ab0000, 0x04b3fa40, 0x04c10000)
  to   space 1408K,   0% used [0x04950000, 0x04950000, 0x04ab0000)
 tenured generation   total 28704K, used 25185K [0x09350000, 0x0af58000, 0x13e00000)
   the space 28704K,  87% used [0x09350000, 0x0abe8640, 0x0abe8800, 0x0af58000)
 Metaspace       used 19371K, capacity 20104K, committed 20224K, reserved 20864K
Event: 128.542 GC heap after
Heap after GC invocations=41 (full 2):
 def new generation   total 12992K, used 883K [0x03e00000, 0x04c10000, 0x09350000)
  eden space 11584K,   0% used [0x03e00000, 0x03e00000, 0x04950000)
  from space 1408K,  62% used [0x04950000, 0x04a2cca8, 0x04ab0000)
  to   space 1408K,   0% used [0x04ab0000, 0x04ab0000, 0x04c10000)
 tenured generation   total 28704K, used 25185K [0x09350000, 0x0af58000, 0x13e00000)
   the space 28704K,  87% used [0x09350000, 0x0abe8640, 0x0abe8800, 0x0af58000)
 Metaspace       used 19371K, capacity 20104K, committed 20224K, reserved 20864K
}
Event: 161.509 GC heap before
{Heap before GC invocations=41 (full 2):
 def new generation   total 12992K, used 12467K [0x03e00000, 0x04c10000, 0x09350000)
  eden space 11584K, 100% used [0x03e00000, 0x04950000, 0x04950000)
  from space 1408K,  62% used [0x04950000, 0x04a2cca8, 0x04ab0000)
  to   space 1408K,   0% used [0x04ab0000, 0x04ab0000, 0x04c10000)
 tenured generation   total 28704K, used 25185K [0x09350000, 0x0af58000, 0x13e00000)
   the space 28704K,  87% used [0x09350000, 0x0abe8640, 0x0abe8800, 0x0af58000)
 Metaspace       used 19393K, capacity 20116K, committed 20224K, reserved 20864K
Event: 161.515 GC heap after
Heap after GC invocations=42 (full 2):
 def new generation   total 12992K, used 1055K [0x03e00000, 0x04c10000, 0x09350000)
  eden space 11584K,   0% used [0x03e00000, 0x03e00000, 0x04950000)
  from space 1408K,  74% used [0x04ab0000, 0x04bb7f88, 0x04c10000)
  to   space 1408K,   0% used [0x04950000, 0x04950000, 0x04ab0000)
 tenured generation   total 28704K, used 25405K [0x09350000, 0x0af58000, 0x13e00000)
   the space 28704K,  88% used [0x09350000, 0x0ac1f528, 0x0ac1f600, 0x0af58000)
 Metaspace       used 19393K, capacity 20116K, committed 20224K, reserved 20864K
}
Event: 171.825 GC heap before
{Heap before GC invocations=42 (full 2):
 def new generation   total 12992K, used 11873K [0x03e00000, 0x04c10000, 0x09350000)
  eden space 11584K,  93% used [0x03e00000, 0x04890670, 0x04950000)
  from space 1408K,  74% used [0x04ab0000, 0x04bb7f88, 0x04c10000)
  to   space 1408K,   0% used [0x04950000, 0x04950000, 0x04ab0000)
 tenured generation   total 28704K, used 25405K [0x09350000, 0x0af58000, 0x13e00000)
   the space 28704K,  88% used [0x09350000, 0x0ac1f528, 0x0ac1f600, 0x0af58000)
 Metaspace       used 19466K, capacity 20228K, committed 20352K, reserved 20864K
Event: 171.831 GC heap after
Heap after GC invocations=43 (full 2):
 def new generation   total 12992K, used 1408K [0x03e00000, 0x04c10000, 0x09350000)
  eden space 11584K,   0% used [0x03e00000, 0x03e00000, 0x04950000)
  from space 1408K, 100% used [0x04950000, 0x04ab0000, 0x04ab0000)
  to   space 1408K,   0% used [0x04ab0000, 0x04ab0000, 0x04c10000)
 tenured generation   total 28704K, used 26291K [0x09350000, 0x0af58000, 0x13e00000)
   the space 28704K,  91% used [0x09350000, 0x0acfcc38, 0x0acfce00, 0x0af58000)
 Metaspace       used 19466K, capacity 20228K, committed 20352K, reserved 20864K
}
Event: 172.884 GC heap before
{Heap before GC invocations=43 (full 2):
 def new generation   total 12992K, used 12985K [0x03e00000, 0x04c10000, 0x09350000)
  eden space 11584K,  99% used [0x03e00000, 0x0494e738, 0x04950000)
  from space 1408K, 100% used [0x04950000, 0x04ab0000, 0x04ab0000)
  to   space 1408K,   0% used [0x04ab0000, 0x04ab0000, 0x04c10000)
 tenured generation   total 28704K, used 26291K [0x09350000, 0x0af58000, 0x13e00000)
   the space 28704K,  91% used [0x09350000, 0x0acfcc38, 0x0acfce00, 0x0af58000)
 Metaspace       used 19466K, capacity 20228K, committed 20352K, reserved 20864K
Event: 172.939 GC heap after
Heap after GC invocations=44 (full 3):
 def new generation   total 18880K, used 0K [0x03e00000, 0x05270000, 0x09350000)
  eden space 16832K,   0% used [0x03e00000, 0x03e00000, 0x04e70000)
  from space 2048K,   0% used [0x04e70000, 0x04e70000, 0x05070000)
  to   space 2048K,   0% used [0x05070000, 0x05070000, 0x05270000)
 tenured generation   total 41748K, used 25048K [0x09350000, 0x0bc15000, 0x13e00000)
   the space 41748K,  59% used [0x09350000, 0x0abc6300, 0x0abc6400, 0x0bc15000)
 Metaspace       used 19427K, capacity 20175K, committed 20352K, reserved 20864K
}

